0 info it worked if it ends with ok
1 verbose cli [ '/usr/local/bin/node', '/usr/local/bin/npm', 'start' ]
2 info using npm@3.7.3
3 info using node@v5.9.0
4 verbose run-script [ 'prestart', 'start', 'poststart' ]
5 info lifecycle tribble-octo@1.0.0~prestart: tribble-octo@1.0.0
6 silly lifecycle tribble-octo@1.0.0~prestart: no script for prestart, continuing
7 info lifecycle tribble-octo@1.0.0~start: tribble-octo@1.0.0
8 verbose lifecycle tribble-octo@1.0.0~start: unsafe-perm in lifecycle true
9 verbose lifecycle tribble-octo@1.0.0~start: PATH: /usr/local/lib/node_modules/npm/bin/node-gyp-bin:/Users/pdeng/github/tribble-octo/node_modules/.bin:/usr/local/bin:/Library/Java/JavaVirtualMachines/jdk1.7.0_71.jdk/Contents/Home/bin:/Users/pdeng/dev-env/apache-tomcat-7.0.59/bin:/Users/pdeng/dev-env/maven/bin:/Users/pdeng/dev-env/gradle-1.11/bin:/usr/local/tomcat/bin:/usr/local/bin:/usr/bin:/bin:/usr/sbin:/sbin
10 verbose lifecycle tribble-octo@1.0.0~start: CWD: /Users/pdeng/github/tribble-octo
11 silly lifecycle tribble-octo@1.0.0~start: Args: [ '-c', 'node-dev index.js' ]
12 info lifecycle tribble-octo@1.0.0~start: Failed to exec start script
13 verbose stack Error: tribble-octo@1.0.0 start: `node-dev index.js`
13 verbose stack spawn ENOENT
13 verbose stack     at ChildProcess.<anonymous> (/usr/local/lib/node_modules/npm/lib/utils/spawn.js:17:16)
13 verbose stack     at emitTwo (events.js:100:13)
13 verbose stack     at ChildProcess.emit (events.js:185:7)
13 verbose stack     at maybeClose (internal/child_process.js:850:16)
13 verbose stack     at Process.ChildProcess._handle.onexit (internal/child_process.js:215:5)
14 verbose pkgid tribble-octo@1.0.0
15 verbose cwd /Users/pdeng/github/tribble-octo
16 error Darwin 15.4.0
17 error argv "/usr/local/bin/node" "/usr/local/bin/npm" "start"
18 error node v5.9.0
19 error npm  v3.7.3
20 error file sh
21 error code ELIFECYCLE
22 error errno ENOENT
23 error syscall spawn
24 error tribble-octo@1.0.0 start: `node-dev index.js`
24 error spawn ENOENT
25 error Failed at the tribble-octo@1.0.0 start script 'node-dev index.js'.
25 error Make sure you have the latest version of node.js and npm installed.
25 error If you do, this is most likely a problem with the tribble-octo package,
25 error not with npm itself.
25 error Tell the author that this fails on your system:
25 error     node-dev index.js
25 error You can get information on how to open an issue for this project with:
25 error     npm bugs tribble-octo
25 error Or if that isn't available, you can get their info via:
25 error     npm owner ls tribble-octo
25 error There is likely additional logging output above.
26 verbose exit [ 1, true ]
